
> rest-express@1.0.0 dev
> node scripts/sync-admin-config.mjs && NODE_ENV=development tsx server/index.ts

[sync-admin-config] Synced: /app/website-integration/ArrowheadSolution/public/admin-config/config.yml -> /app/website-integration/ArrowheadSolution/client/public/admin-config/config.yml
(node:9632) V8: file:///app/website-integration/ArrowheadSolution/node_modules/adminjs/lib/locale/index.js:9 'assert' is deprecated in import statements and support will be removed in a future version; use 'with' instead
(Use `node --trace-warnings ...` to show where the warning was created)
(node:9632) V8: file:///app/website-integration/ArrowheadSolution/node_modules/adminjs/lib/locale/index.js:8 'assert' is deprecated in import statements and support will be removed in a future version; use 'with' instead
(node:9632) V8: file:///app/website-integration/ArrowheadSolution/node_modules/adminjs/lib/locale/index.js:7 'assert' is deprecated in import statements and support will be removed in a future version; use 'with' instead
(node:9632) V8: file:///app/website-integration/ArrowheadSolution/node_modules/adminjs/lib/locale/index.js:6 'assert' is deprecated in import statements and support will be removed in a future version; use 'with' instead
(node:9632) V8: file:///app/website-integration/ArrowheadSolution/node_modules/adminjs/lib/locale/index.js:5 'assert' is deprecated in import statements and support will be removed in a future version; use 'with' instead
(node:9632) V8: file:///app/website-integration/ArrowheadSolution/node_modules/adminjs/lib/locale/index.js:4 'assert' is deprecated in import statements and support will be removed in a future version; use 'with' instead
(node:9632) V8: file:///app/website-integration/ArrowheadSolution/node_modules/adminjs/lib/locale/index.js:3 'assert' is deprecated in import statements and support will be removed in a future version; use 'with' instead
(node:9632) V8: file:///app/website-integration/ArrowheadSolution/node_modules/adminjs/lib/locale/index.js:2 'assert' is deprecated in import statements and support will be removed in a future version; use 'with' instead
(node:9632) V8: file:///app/website-integration/ArrowheadSolution/node_modules/adminjs/lib/locale/index.js:1 'assert' is deprecated in import statements and support will be removed in a future version; use 'with' instead
⚠️ Using in-memory storage (DATABASE_URL not set)
[baseline-browser-mapping] The data in this module is over two months old.  To ensure accurate Baseline data, please update: `npm i baseline-browser-mapping@latest -D`
AdminJS: bundling user components...
✨ Successfully built AdminJS bundle files! ✨
AdminJS: bundling user components...
Warning: connect.session() MemoryStore is not
designed for a production environment, as it will leak
memory, and will not scale past a single process.
✅ AdminJS started on http://localhost:5000/admin
⚠️  SUPABASE_JWT_SECRET not set - JWT verification may fail
8:31:55 PM [express] env=production isDev=false hasBuild=false
8:31:55 PM [express] serving on port 5001
